<?xml version="1.0" encoding="UTF-8"?>
<!-- Generated by org.testng.reporters.JUnitReportReporter -->
<testsuite hostname="VBS96" failures="0" tests="2" name="api.test.Datadriventest" time="0.000" errors="0" timestamp="2023-08-11T16:54:33 IST" skipped="2">
  <testcase classname="api.test.Datadriventest" name="testPostuser" time="0.000">
    <skipped/>
  </testcase> <!-- testPostuser -->
  <system-out/>
  <testcase classname="api.test.Datadriventest" name="testDeleteuserByname">
    <skipped/>
  </testcase> <!-- testDeleteuserByname -->
  <system-out/>
</testsuite> <!-- api.test.Datadriventest -->
